# JRE version: Java(TM) SE Runtime Environment (8.0_112-b15) (build 1.8.0_112-b15)
# Java VM: Java HotSpot(TM) 64-Bit Server VM (25.112-b15 mixed mode windows-amd64 compressed oops)
Heap:
 PSYoungGen      total 54784K, used 27219K [0x00000007bc400000, 0x00000007c0000000, 0x00000007c0000000)
  eden space 47616K, 55% used [0x00000007bc400000,0x00000007bdd94dd0,0x00000007bf280000)
  from space 7168K, 14% used [0x00000007bf900000,0x00000007bfa00000,0x00000007c0000000)
  to   space 6656K, 0% used [0x00000007bf280000,0x00000007bf280000,0x00000007bf900000)
 ParOldGen       total 501760K, used 356923K [0x0000000700000000, 0x000000071ea00000, 0x00000007bc400000)
  object space 501760K, 71% used [0x0000000700000000,0x0000000715c8ecd8,0x000000071ea00000)
 Metaspace       used 95129K, capacity 96397K, committed 96856K, reserved 1132544K
  class space    used 13945K, capacity 14165K, committed 14208K, reserved 1048576K
GC Heap History (10 events):
Event: 17461.221 GC heap before
{Heap before GC invocations=3131 (full 143):
 PSYoungGen      total 51712K, used 43488K [0x00000007bc400000, 0x00000007c0000000, 0x00000007c0000000)
  eden space 42496K, 100% used [0x00000007bc400000,0x00000007bed80000,0x00000007bed80000)
  from space 9216K, 10% used [0x00000007bed80000,0x00000007bee78000,0x00000007bf680000)
  to   space 8704K, 0% used [0x00000007bf780000,0x00000007bf780000,0x00000007c0000000)
 ParOldGen       total 501760K, used 354233K [0x0000000700000000, 0x000000071ea00000, 0x00000007bc400000)
  object space 501760K, 70% used [0x0000000700000000,0x00000007159ee7f0,0x000000071ea00000)
 Metaspace       used 95128K, capacity 96397K, committed 96856K, reserved 1132544K
  class space    used 13945K, capacity 14165K, committed 14208K, reserved 1048576K
Event: 17461.227 GC heap after
Heap after GC invocations=3131 (full 143):
 PSYoungGen      total 53248K, used 640K [0x00000007bc400000, 0x00000007c0000000, 0x00000007c0000000)
  eden space 44544K, 0% used [0x00000007bc400000,0x00000007bc400000,0x00000007bef80000)
  from space 8704K, 7% used [0x00000007bf780000,0x00000007bf820000,0x00000007c0000000)
  to   space 8192K, 0% used [0x00000007bef80000,0x00000007bef80000,0x00000007bf780000)
 ParOldGen       total 501760K, used 354632K [0x0000000700000000, 0x000000071ea00000, 0x00000007bc400000)
  object space 501760K, 70% used [0x0000000700000000,0x0000000715a521b0,0x000000071ea00000)
 Metaspace       used 95128K, capacity 96397K, committed 96856K, reserved 1132544K
  class space    used 13945K, capacity 14165K, committed 14208K, reserved 1048576K
}
Event: 17464.559 GC heap before
{Heap before GC invocations=3132 (full 143):
 PSYoungGen      total 53248K, used 45184K [0x00000007bc400000, 0x00000007c0000000, 0x00000007c0000000)
  eden space 44544K, 100% used [0x00000007bc400000,0x00000007bef80000,0x00000007bef80000)
  from space 8704K, 7% used [0x00000007bf780000,0x00000007bf820000,0x00000007c0000000)
  to   space 8192K, 0% used [0x00000007bef80000,0x00000007bef80000,0x00000007bf780000)
 ParOldGen       total 501760K, used 354632K [0x0000000700000000, 0x000000071ea00000, 0x00000007bc400000)
  object space 501760K, 70% used [0x0000000700000000,0x0000000715a521b0,0x000000071ea00000)
 Metaspace       used 95129K, capacity 96397K, committed 96856K, reserved 1132544K
  class space    used 13945K, capacity 14165K, committed 14208K, reserved 1048576K
Event: 17464.568 GC heap after
Heap after GC invocations=3132 (full 143):
 PSYoungGen      total 52736K, used 1088K [0x00000007bc400000, 0x00000007c0000000, 0x00000007c0000000)
  eden space 44544K, 0% used [0x00000007bc400000,0x00000007bc400000,0x00000007bef80000)
  from space 8192K, 13% used [0x00000007bef80000,0x00000007bf090000,0x00000007bf780000)
  to   space 7680K, 0% used [0x00000007bf880000,0x00000007bf880000,0x00000007c0000000)
 ParOldGen       total 501760K, used 354912K [0x0000000700000000, 0x000000071ea00000, 0x00000007bc400000)
  object space 501760K, 70% used [0x0000000700000000,0x0000000715a981b0,0x000000071ea00000)
 Metaspace       used 95129K, capacity 96397K, committed 96856K, reserved 1132544K
  class space    used 13945K, capacity 14165K, committed 14208K, reserved 1048576K
}
Event: 17465.895 GC heap before
{Heap before GC invocations=3133 (full 143):
 PSYoungGen      total 52736K, used 45632K [0x00000007bc400000, 0x00000007c0000000, 0x00000007c0000000)
  eden space 44544K, 100% used [0x00000007bc400000,0x00000007bef80000,0x00000007bef80000)
  from space 8192K, 13% used [0x00000007bef80000,0x00000007bf090000,0x00000007bf780000)
  to   space 7680K, 0% used [0x00000007bf880000,0x00000007bf880000,0x00000007c0000000)
 ParOldGen       total 501760K, used 354912K [0x0000000700000000, 0x000000071ea00000, 0x00000007bc400000)
  object space 501760K, 70% used [0x0000000700000000,0x0000000715a981b0,0x000000071ea00000)
 Metaspace       used 95129K, capacity 96397K, committed 96856K, reserved 1132544K
  class space    used 13945K, capacity 14165K, committed 14208K, reserved 1048576K
Event: 17465.904 GC heap after
Heap after GC invocations=3133 (full 143):
 PSYoungGen      total 54272K, used 1248K [0x00000007bc400000, 0x00000007c0000000, 0x00000007c0000000)
  eden space 46592K, 0% used [0x00000007bc400000,0x00000007bc400000,0x00000007bf180000)
  from space 7680K, 16% used [0x00000007bf880000,0x00000007bf9b8000,0x00000007c0000000)
  to   space 7168K, 0% used [0x00000007bf180000,0x00000007bf180000,0x00000007bf880000)
 ParOldGen       total 501760K, used 355573K [0x0000000700000000, 0x000000071ea00000, 0x00000007bc400000)
  object space 501760K, 70% used [0x0000000700000000,0x0000000715b3d698,0x000000071ea00000)
 Metaspace       used 95129K, capacity 96397K, committed 96856K, reserved 1132544K
  class space    used 13945K, capacity 14165K, committed 14208K, reserved 1048576K
}
Event: 17467.128 GC heap before
{Heap before GC invocations=3134 (full 143):
 PSYoungGen      total 54272K, used 47840K [0x00000007bc400000, 0x00000007c0000000, 0x00000007c0000000)
  eden space 46592K, 100% used [0x00000007bc400000,0x00000007bf180000,0x00000007bf180000)
  from space 7680K, 16% used [0x00000007bf880000,0x00000007bf9b8000,0x00000007c0000000)
  to   space 7168K, 0% used [0x00000007bf180000,0x00000007bf180000,0x00000007bf880000)
 ParOldGen       total 501760K, used 355573K [0x0000000700000000, 0x000000071ea00000, 0x00000007bc400000)
  object space 501760K, 70% used [0x0000000700000000,0x0000000715b3d6b0,0x000000071ea00000)
 Metaspace       used 95129K, capacity 96397K, committed 96856K, reserved 1132544K
  class space    used 13945K, capacity 14165K, committed 14208K, reserved 1048576K
Event: 17467.138 GC heap after
Heap after GC invocations=3134 (full 143):
 PSYoungGen      total 53760K, used 704K [0x00000007bc400000, 0x00000007c0000000, 0x00000007c0000000)
  eden space 46592K, 0% used [0x00000007bc400000,0x00000007bc400000,0x00000007bf180000)
  from space 7168K, 9% used [0x00000007bf180000,0x00000007bf230000,0x00000007bf880000)
  to   space 7168K, 0% used [0x00000007bf900000,0x00000007bf900000,0x00000007c0000000)
 ParOldGen       total 501760K, used 356464K [0x0000000700000000, 0x000000071ea00000, 0x00000007bc400000)
  object space 501760K, 71% used [0x0000000700000000,0x0000000715c1c130,0x000000071ea00000)
 Metaspace       used 95129K, capacity 96397K, committed 96856K, reserved 1132544K
  class space    used 13945K, capacity 14165K, committed 14208K, reserved 1048576K
}
Event: 17469.071 GC heap before
{Heap before GC invocations=3135 (full 143):
 PSYoungGen      total 53760K, used 47296K [0x00000007bc400000, 0x00000007c0000000, 0x00000007c0000000)
  eden space 46592K, 100% used [0x00000007bc400000,0x00000007bf180000,0x00000007bf180000)
  from space 7168K, 9% used [0x00000007bf180000,0x00000007bf230000,0x00000007bf880000)
  to   space 7168K, 0% used [0x00000007bf900000,0x00000007bf900000,0x00000007c0000000)
 ParOldGen       total 501760K, used 356467K [0x0000000700000000, 0x000000071ea00000, 0x00000007bc400000)
  object space 501760K, 71% used [0x0000000700000000,0x0000000715c1ccd8,0x000000071ea00000)
 Metaspace       used 95129K, capacity 96397K, committed 96856K, reserved 1132544K
  class space    used 13945K, capacity 14165K, committed 14208K, reserved 1048576K
Event: 17469.079 GC heap after
Heap after GC invocations=3135 (full 143):
 PSYoungGen      total 54784K, used 1024K [0x00000007bc400000, 0x00000007c0000000, 0x00000007c0000000)
  eden space 47616K, 0% used [0x00000007bc400000,0x00000007bc400000,0x00000007bf280000)
  from space 7168K, 14% used [0x00000007bf900000,0x00000007bfa00000,0x00000007c0000000)
  to   space 6656K, 0% used [0x00000007bf280000,0x00000007bf280000,0x00000007bf900000)
 ParOldGen       total 501760K, used 356923K [0x0000000700000000, 0x000000071ea00000, 0x00000007bc400000)
  object space 501760K, 71% used [0x0000000700000000,0x0000000715c8ecd8,0x000000071ea00000)
 Metaspace       used 95129K, capacity 96397K, committed 96856K, reserved 1132544K
  class space    used 13945K, capacity 14165K, committed 14208K, reserved 1048576K
}

